<?xml version="1.0" encoding="UTF-8" ?>
<testsuite tests="1" failures="0" name="br.com.ifpe.crud.ProfessorCrudTest" time="12.848" errors="1" skipped="0">
  <properties>
    <property name="java.runtime.name" value="Java(TM) SE Runtime Environment"/>
    <property name="sun.boot.library.path" value="C:\Program Files\Java\jdk1.8.0_201\jre\bin"/>
    <property name="java.vm.version" value="25.201-b09"/>
    <property name="java.vm.vendor" value="Oracle Corporation"/>
    <property name="java.vendor.url" value="http://java.oracle.com/"/>
    <property name="path.separator" value=";"/>
    <property name="guice.disable.misplaced.annotation.check" value="true"/>
    <property name="java.vm.name" value="Java HotSpot(TM) 64-Bit Server VM"/>
    <property name="file.encoding.pkg" value="sun.io"/>
    <property name="user.script" value=""/>
    <property name="user.country" value="BR"/>
    <property name="sun.java.launcher" value="SUN_STANDARD"/>
    <property name="sun.os.patch.level" value=""/>
    <property name="test" value="br.com.ifpe.crud.**.*Test"/>
    <property name="java.vm.specification.name" value="Java Virtual Machine Specification"/>
    <property name="user.dir" value="C:\Users\wolner\Desktop\meu Github\SistemaDeAssistenciaEstudantil"/>
    <property name="java.runtime.version" value="1.8.0_201-b09"/>
    <property name="java.awt.graphicsenv" value="sun.awt.Win32GraphicsEnvironment"/>
    <property name="java.endorsed.dirs" value="C:\Program Files\Java\jdk1.8.0_201\jre\lib\endorsed"/>
    <property name="os.arch" value="amd64"/>
    <property name="java.io.tmpdir" value="C:\Users\wolner\AppData\Local\Temp\"/>
    <property name="line.separator" value="
"/>
    <property name="java.vm.specification.vendor" value="Oracle Corporation"/>
    <property name="user.variant" value=""/>
    <property name="os.name" value="Windows 10"/>
    <property name="maven.ext.class.path" value="C:\Program Files\NetBeans 8.2\java\maven-nblib\netbeans-eventspy.jar"/>
    <property name="classworlds.conf" value="C:\Program Files\NetBeans 8.2\java\maven\bin\m2.conf"/>
    <property name="sun.jnu.encoding" value="Cp1252"/>
    <property name="java.library.path" value="C:\Program Files\Java\jdk1.8.0_201\bin;C:\WINDOWS\Sun\Java\bin;C:\WINDOWS\system32;C:\WINDOWS;C:\Program Files (x86)\Common Files\Oracle\Java\javapath;C:\Program Files (x86)\Intel\iCLS Client\;C:\Program Files\Intel\iCLS Client\;C:\WINDOWS\system32;C:\WINDOWS;C:\WINDOWS\System32\Wbem;C:\WINDOWS\System32\WindowsPowerShell\v1.0\;C:\WINDOWS\System32\OpenSSH\;C:\Program Files (x86)\Intel\Intel(R) Management Engine Components\DAL;C:\Program Files\Intel\Intel(R) Management Engine Components\DAL;C:\Program Files (x86)\Intel\Intel(R) Management Engine Components\IPT;C:\Program Files\Intel\Intel(R) Management Engine Components\IPT;C:\Program Files\Git\cmd;C:\Program Files\PuTTY\;C:\Program Files\nodejs\;C:\Users\wolner\AppData\Local\Microsoft\WindowsApps;;C:\Users\wolner\AppData\Local\Programs\Microsoft VS Code\bin;C:\Users\wolner\AppData\Roaming\npm;."/>
    <property name="java.specification.name" value="Java Platform API Specification"/>
    <property name="java.class.version" value="52.0"/>
    <property name="sun.management.compiler" value="HotSpot 64-Bit Tiered Compilers"/>
    <property name="os.version" value="10.0"/>
    <property name="user.home" value="C:\Users\wolner"/>
    <property name="user.timezone" value="America/Cayenne"/>
    <property name="java.awt.printerjob" value="sun.awt.windows.WPrinterJob"/>
    <property name="java.specification.version" value="1.8"/>
    <property name="file.encoding" value="UTF-8"/>
    <property name="user.name" value="wolner"/>
    <property name="java.class.path" value="C:\Program Files\NetBeans 8.2\java\maven\boot\plexus-classworlds-2.4.jar"/>
    <property name="java.vm.specification.version" value="1.8"/>
    <property name="sun.arch.data.model" value="64"/>
    <property name="java.home" value="C:\Program Files\Java\jdk1.8.0_201\jre"/>
    <property name="sun.java.command" value="org.codehaus.plexus.classworlds.launcher.Launcher -Dtest=br.com.ifpe.crud.**.*Test -Dmaven.ext.class.path=C:\Program Files\NetBeans 8.2\java\maven-nblib\netbeans-eventspy.jar -Dfile.encoding=UTF-8 surefire:test"/>
    <property name="java.specification.vendor" value="Oracle Corporation"/>
    <property name="user.language" value="pt"/>
    <property name="awt.toolkit" value="sun.awt.windows.WToolkit"/>
    <property name="java.vm.info" value="mixed mode"/>
    <property name="java.version" value="1.8.0_201"/>
    <property name="java.ext.dirs" value="C:\Program Files\Java\jdk1.8.0_201\jre\lib\ext;C:\WINDOWS\Sun\Java\lib\ext"/>
    <property name="sun.boot.class.path" value="C:\Program Files\Java\jdk1.8.0_201\jre\lib\resources.jar;C:\Program Files\Java\jdk1.8.0_201\jre\lib\rt.jar;C:\Program Files\Java\jdk1.8.0_201\jre\lib\sunrsasign.jar;C:\Program Files\Java\jdk1.8.0_201\jre\lib\jsse.jar;C:\Program Files\Java\jdk1.8.0_201\jre\lib\jce.jar;C:\Program Files\Java\jdk1.8.0_201\jre\lib\charsets.jar;C:\Program Files\Java\jdk1.8.0_201\jre\lib\jfr.jar;C:\Program Files\Java\jdk1.8.0_201\jre\classes"/>
    <property name="java.vendor" value="Oracle Corporation"/>
    <property name="maven.home" value="C:\Program Files\NetBeans 8.2\java\maven"/>
    <property name="file.separator" value="\"/>
    <property name="java.vendor.url.bug" value="http://bugreport.sun.com/bugreport/"/>
    <property name="sun.cpu.endian" value="little"/>
    <property name="sun.io.unicode.encoding" value="UnicodeLittle"/>
    <property name="sun.desktop" value="windows"/>
    <property name="sun.cpu.isalist" value="amd64"/>
  </properties>
  <testcase classname="br.com.ifpe.crud.ProfessorCrudTest" name="br.com.ifpe.crud.ProfessorCrudTest" time="12.691">
    <error message="Exception processing table name=&apos;TB_LIVRO&apos;" type="java.lang.RuntimeException">java.lang.RuntimeException: Exception processing table name=&apos;TB_LIVRO&apos;
	at br.com.ifpe.crud.DbUnitUtil.inserirDados(DbUnitUtil.java:45)
	at br.com.ifpe.crud.GenericTest.setUpClass(GenericTest.java:42)
	at sun.reflect.NativeMethodAccessorImpl.invoke0(Native Method)
	at sun.reflect.NativeMethodAccessorImpl.invoke(NativeMethodAccessorImpl.java:62)
	at sun.reflect.DelegatingMethodAccessorImpl.invoke(DelegatingMethodAccessorImpl.java:43)
	at java.lang.reflect.Method.invoke(Method.java:498)
	at org.junit.runners.model.FrameworkMethod$1.runReflectiveCall(FrameworkMethod.java:50)
	at org.junit.internal.runners.model.ReflectiveCallable.run(ReflectiveCallable.java:12)
	at org.junit.runners.model.FrameworkMethod.invokeExplosively(FrameworkMethod.java:47)
	at org.junit.internal.runners.statements.RunBefores.evaluate(RunBefores.java:24)
	at org.junit.internal.runners.statements.RunAfters.evaluate(RunAfters.java:27)
	at org.junit.runners.ParentRunner.run(ParentRunner.java:363)
	at org.apache.maven.surefire.junit4.JUnit4TestSet.execute(JUnit4TestSet.java:53)
	at org.apache.maven.surefire.junit4.JUnit4Provider.executeTestSet(JUnit4Provider.java:123)
	at org.apache.maven.surefire.junit4.JUnit4Provider.invoke(JUnit4Provider.java:104)
	at sun.reflect.NativeMethodAccessorImpl.invoke0(Native Method)
	at sun.reflect.NativeMethodAccessorImpl.invoke(NativeMethodAccessorImpl.java:62)
	at sun.reflect.DelegatingMethodAccessorImpl.invoke(DelegatingMethodAccessorImpl.java:43)
	at java.lang.reflect.Method.invoke(Method.java:498)
	at org.apache.maven.surefire.util.ReflectionUtils.invokeMethodWithArray(ReflectionUtils.java:164)
	at org.apache.maven.surefire.booter.ProviderFactory$ProviderProxy.invoke(ProviderFactory.java:110)
	at org.apache.maven.surefire.booter.SurefireStarter.invokeProvider(SurefireStarter.java:175)
	at org.apache.maven.surefire.booter.SurefireStarter.runSuitesInProcessWhenForked(SurefireStarter.java:107)
	at org.apache.maven.surefire.booter.ForkedBooter.main(ForkedBooter.java:68)
Caused by: org.dbunit.DatabaseUnitException: Exception processing table name=&apos;TB_LIVRO&apos;
	at org.dbunit.operation.AbstractBatchOperation.execute(AbstractBatchOperation.java:240)
	at org.dbunit.operation.CompositeOperation.execute(CompositeOperation.java:79)
	at br.com.ifpe.crud.DbUnitUtil.inserirDados(DbUnitUtil.java:41)
	... 23 more
Caused by: com.mysql.jdbc.exceptions.jdbc4.MySQLSyntaxErrorException: Table &apos;bd_sae.tb_livro&apos; doesn&apos;t exist
	at sun.reflect.GeneratedConstructorAccessor20.newInstance(Unknown Source)
	at sun.reflect.DelegatingConstructorAccessorImpl.newInstance(DelegatingConstructorAccessorImpl.java:45)
	at java.lang.reflect.Constructor.newInstance(Constructor.java:423)
	at com.mysql.jdbc.Util.handleNewInstance(Util.java:377)
	at com.mysql.jdbc.Util.getInstance(Util.java:360)
	at com.mysql.jdbc.SQLError.createSQLException(SQLError.java:978)
	at com.mysql.jdbc.MysqlIO.checkErrorPacket(MysqlIO.java:3887)
	at com.mysql.jdbc.MysqlIO.checkErrorPacket(MysqlIO.java:3823)
	at com.mysql.jdbc.MysqlIO.sendCommand(MysqlIO.java:2435)
	at com.mysql.jdbc.MysqlIO.sqlQueryDirect(MysqlIO.java:2582)
	at com.mysql.jdbc.ConnectionImpl.execSQL(ConnectionImpl.java:2530)
	at com.mysql.jdbc.PreparedStatement.executeInternal(PreparedStatement.java:1907)
	at com.mysql.jdbc.PreparedStatement.execute(PreparedStatement.java:1199)
	at org.dbunit.database.statement.SimplePreparedStatement.addBatch(SimplePreparedStatement.java:80)
	at org.dbunit.database.statement.AutomaticPreparedBatchStatement.addBatch(AutomaticPreparedBatchStatement.java:70)
	at org.dbunit.operation.AbstractBatchOperation.execute(AbstractBatchOperation.java:224)
	... 25 more
</error>
    <system-out>[EL Config]: connection: 2019-11-27 18:38:35.506--ServerSession(159562640)--Connection(1704600661)--Thread(Thread[main,5,main])--disconnect
[EL Info]: connection: 2019-11-27 18:38:35.506--ServerSession(159562640)--Thread(Thread[main,5,main])--file:/C:/Users/wolner/Desktop/meu Github/SistemaDeAssistenciaEstudantil/target/classes/_tarefas logout successful
[EL Config]: connection: 2019-11-27 18:38:35.506--ServerSession(159562640)--Connection(145105559)--Thread(Thread[main,5,main])--disconnect
[EL Config]: metadata: 2019-11-27 18:38:35.569--ServerSession(2021601975)--Thread(Thread[main,5,main])--The target entity (reference) class for the many to one mapping element [field volume] is being defaulted to: class br.com.ifpe.modelo.Volume.
[EL Config]: metadata: 2019-11-27 18:38:35.569--ServerSession(2021601975)--Thread(Thread[main,5,main])--The target entity (reference) class for the one to many mapping element [field emprestimos] is being defaulted to: class br.com.ifpe.modelo.Emprestimo.
[EL Config]: metadata: 2019-11-27 18:38:35.569--ServerSession(2021601975)--Thread(Thread[main,5,main])--The target entity (reference) class for the one to many mapping element [field emprestimos] is being defaulted to: class br.com.ifpe.modelo.Emprestimo.
[EL Config]: metadata: 2019-11-27 18:38:35.569--ServerSession(2021601975)--Thread(Thread[main,5,main])--The access type for the persistent class [class br.com.ifpe.modelo.Aluno] is set to [FIELD].
[EL Config]: metadata: 2019-11-27 18:38:35.569--ServerSession(2021601975)--Thread(Thread[main,5,main])--The target entity (reference) class for the one to many mapping element [field fardamentos] is being defaulted to: class br.com.ifpe.modelo.Fardamento.
[EL Config]: metadata: 2019-11-27 18:38:35.569--ServerSession(2021601975)--Thread(Thread[main,5,main])--The target entity (reference) class for the many to many mapping element [field bolsas] is being defaulted to: class br.com.ifpe.modelo.Bolsa.
[EL Config]: metadata: 2019-11-27 18:38:35.569--ServerSession(2021601975)--Thread(Thread[main,5,main])--The target entity (reference) class for the many to many mapping element [field alunos] is being defaulted to: class br.com.ifpe.modelo.Aluno.
[EL Config]: metadata: 2019-11-27 18:38:35.569--ServerSession(2021601975)--Thread(Thread[main,5,main])--The target entity (reference) class for the many to one mapping element [field aluno] is being defaulted to: class br.com.ifpe.modelo.Aluno.
[EL Config]: metadata: 2019-11-27 18:38:35.569--ServerSession(2021601975)--Thread(Thread[main,5,main])--The target entity (reference) class for the many to one mapping element [field situacao] is being defaulted to: class br.com.ifpe.modelo.Situacao.
[EL Config]: metadata: 2019-11-27 18:38:35.569--ServerSession(2021601975)--Thread(Thread[main,5,main])--The target entity (reference) class for the many to one mapping element [field tamanho] is being defaulted to: class br.com.ifpe.modelo.Tamanho.
[EL Config]: metadata: 2019-11-27 18:38:35.569--ServerSession(2021601975)--Thread(Thread[main,5,main])--The target entity (reference) class for the many to one mapping element [field livro] is being defaulted to: class br.com.ifpe.modelo.Livro.
[EL Config]: metadata: 2019-11-27 18:38:35.569--ServerSession(2021601975)--Thread(Thread[main,5,main])--The target entity (reference) class for the many to one mapping element [field usuario] is being defaulted to: class br.com.ifpe.modelo.Usuario.
[EL Config]: metadata: 2019-11-27 18:38:35.569--ServerSession(2021601975)--Thread(Thread[main,5,main])--The target entity (reference) class for the one to many mapping element [field livros] is being defaulted to: class br.com.ifpe.modelo.Livro.
[EL Config]: metadata: 2019-11-27 18:38:35.569--ServerSession(2021601975)--Thread(Thread[main,5,main])--The access type for the persistent class [class br.com.ifpe.modelo.Professor] is set to [FIELD].
[EL Config]: metadata: 2019-11-27 18:38:35.569--ServerSession(2021601975)--Thread(Thread[main,5,main])--The target entity (reference) class for the one to many mapping element [field fardamentos] is being defaulted to: class br.com.ifpe.modelo.Fardamento.
[EL Config]: metadata: 2019-11-27 18:38:35.569--ServerSession(2021601975)--Thread(Thread[main,5,main])--The target entity (reference) class for the one to many mapping element [field fardamentos] is being defaulted to: class br.com.ifpe.modelo.Fardamento.
[EL Config]: metadata: 2019-11-27 18:38:35.569--ServerSession(2021601975)--Thread(Thread[main,5,main])--The alias name for the entity class [class br.com.ifpe.modelo.Livro] is being defaulted to: Livro.
[EL Config]: metadata: 2019-11-27 18:38:35.569--ServerSession(2021601975)--Thread(Thread[main,5,main])--The alias name for the entity class [class br.com.ifpe.modelo.Aluno] is being defaulted to: Aluno.
[EL Config]: metadata: 2019-11-27 18:38:35.569--ServerSession(2021601975)--Thread(Thread[main,5,main])--The alias name for the entity class [class br.com.ifpe.modelo.Usuario] is being defaulted to: Usuario.
[EL Config]: metadata: 2019-11-27 18:38:35.569--ServerSession(2021601975)--Thread(Thread[main,5,main])--The alias name for the entity class [class br.com.ifpe.modelo.Bolsa] is being defaulted to: Bolsa.
[EL Config]: metadata: 2019-11-27 18:38:35.569--ServerSession(2021601975)--Thread(Thread[main,5,main])--The alias name for the entity class [class br.com.ifpe.modelo.Fardamento] is being defaulted to: Fardamento.
[EL Config]: metadata: 2019-11-27 18:38:35.569--ServerSession(2021601975)--Thread(Thread[main,5,main])--The alias name for the entity class [class br.com.ifpe.modelo.Emprestimo] is being defaulted to: Emprestimo.
[EL Config]: metadata: 2019-11-27 18:38:35.569--ServerSession(2021601975)--Thread(Thread[main,5,main])--The alias name for the entity class [class br.com.ifpe.modelo.Volume] is being defaulted to: Volume.
[EL Config]: metadata: 2019-11-27 18:38:35.569--ServerSession(2021601975)--Thread(Thread[main,5,main])--The alias name for the entity class [class br.com.ifpe.modelo.Professor] is being defaulted to: Professor.
[EL Config]: metadata: 2019-11-27 18:38:35.569--ServerSession(2021601975)--Thread(Thread[main,5,main])--The alias name for the entity class [class br.com.ifpe.modelo.Tamanho] is being defaulted to: Tamanho.
[EL Config]: metadata: 2019-11-27 18:38:35.569--ServerSession(2021601975)--Thread(Thread[main,5,main])--The alias name for the entity class [class br.com.ifpe.modelo.Situacao] is being defaulted to: Situacao.
[EL Info]: 2019-11-27 18:38:35.584--ServerSession(2021601975)--Thread(Thread[main,5,main])--EclipseLink, version: Eclipse Persistence Services - 2.5.2.v20140319-9ad6abd
[EL Config]: connection: 2019-11-27 18:38:35.584--ServerSession(2021601975)--Connection(2095373876)--Thread(Thread[main,5,main])--connecting(DatabaseLogin(
	platform=&gt;MySQLPlatform
	user name=&gt; &quot;root&quot;
	datasource URL=&gt; &quot;jdbc:mysql://localhost:3306/bd_sae&quot;
))
[EL Config]: connection: 2019-11-27 18:38:35.584--ServerSession(2021601975)--Connection(2095573052)--Thread(Thread[main,5,main])--Connected: jdbc:mysql://localhost:3306/bd_sae
	User: root@localhost
	Database: MySQL  Version: 5.5.62-log
	Driver: MySQL Connector Java  Version: mysql-connector-java-5.1.34 ( Revision: jess.balint@oracle.com-20141014163213-wqbwpf1ok2kvo1om )
[EL Warning]: metadata: 2019-11-27 18:38:35.584--ServerSession(2021601975)--Thread(Thread[main,5,main])--Reverting the lazy setting on the OneToOne or ManyToOne attribute [volume] for the entity class [class br.com.ifpe.modelo.Livro] since weaving was not enabled or did not occur.
[EL Warning]: metadata: 2019-11-27 18:38:35.584--ServerSession(2021601975)--Thread(Thread[main,5,main])--Reverting the lazy setting on the OneToOne or ManyToOne attribute [aluno] for the entity class [class br.com.ifpe.modelo.Fardamento] since weaving was not enabled or did not occur.
[EL Warning]: metadata: 2019-11-27 18:38:35.584--ServerSession(2021601975)--Thread(Thread[main,5,main])--Reverting the lazy setting on the OneToOne or ManyToOne attribute [situacao] for the entity class [class br.com.ifpe.modelo.Fardamento] since weaving was not enabled or did not occur.
[EL Warning]: metadata: 2019-11-27 18:38:35.584--ServerSession(2021601975)--Thread(Thread[main,5,main])--Reverting the lazy setting on the OneToOne or ManyToOne attribute [tamanho] for the entity class [class br.com.ifpe.modelo.Fardamento] since weaving was not enabled or did not occur.
[EL Warning]: metadata: 2019-11-27 18:38:35.584--ServerSession(2021601975)--Thread(Thread[main,5,main])--Reverting the lazy setting on the OneToOne or ManyToOne attribute [livro] for the entity class [class br.com.ifpe.modelo.Emprestimo] since weaving was not enabled or did not occur.
[EL Warning]: metadata: 2019-11-27 18:38:35.584--ServerSession(2021601975)--Thread(Thread[main,5,main])--Reverting the lazy setting on the OneToOne or ManyToOne attribute [usuario] for the entity class [class br.com.ifpe.modelo.Emprestimo] since weaving was not enabled or did not occur.
[EL Info]: connection: 2019-11-27 18:38:35.6--ServerSession(2021601975)--Thread(Thread[main,5,main])--file:/C:/Users/wolner/Desktop/meu Github/SistemaDeAssistenciaEstudantil/target/classes/_tarefas login successful
[EL Fine]: sql: 2019-11-27 18:38:35.6--ServerSession(2021601975)--Connection(2095573052)--Thread(Thread[main,5,main])--ALTER TABLE TB_ALUNO DROP FOREIGN KEY FK_TB_ALUNO_id_aluno
[EL Fine]: sql: 2019-11-27 18:38:35.959--ServerSession(2021601975)--Connection(2095573052)--Thread(Thread[main,5,main])--ALTER TABLE TB_FARDAMENTO DROP FOREIGN KEY FK_TB_FARDAMENTO_id_aluno
[EL Fine]: sql: 2019-11-27 18:38:36.281--ServerSession(2021601975)--Connection(2095573052)--Thread(Thread[main,5,main])--ALTER TABLE TB_FARDAMENTO DROP FOREIGN KEY FK_TB_FARDAMENTO_id_situacao
[EL Fine]: sql: 2019-11-27 18:38:36.5--ServerSession(2021601975)--Connection(2095573052)--Thread(Thread[main,5,main])--ALTER TABLE TB_FARDAMENTO DROP FOREIGN KEY FK_TB_FARDAMENTO_id_tamanho
[EL Fine]: sql: 2019-11-27 18:38:36.719--ServerSession(2021601975)--Connection(2095573052)--Thread(Thread[main,5,main])--ALTER TABLE TB_LIVRO DROP FOREIGN KEY FK_TB_LIVRO_id_volume
[EL Fine]: sql: 2019-11-27 18:38:36.953--ServerSession(2021601975)--Connection(2095573052)--Thread(Thread[main,5,main])--ALTER TABLE TB_EMPRESTIMO DROP FOREIGN KEY FK_TB_EMPRESTIMO_id_livro
[EL Fine]: sql: 2019-11-27 18:38:37.204--ServerSession(2021601975)--Connection(2095573052)--Thread(Thread[main,5,main])--ALTER TABLE TB_EMPRESTIMO DROP FOREIGN KEY FK_TB_EMPRESTIMO_id_usuario
[EL Fine]: sql: 2019-11-27 18:38:37.515--ServerSession(2021601975)--Connection(2095573052)--Thread(Thread[main,5,main])--ALTER TABLE TB_PROFESSOR DROP FOREIGN KEY FK_TB_PROFESSOR_id_professor
[EL Fine]: sql: 2019-11-27 18:38:37.75--ServerSession(2021601975)--Connection(2095573052)--Thread(Thread[main,5,main])--ALTER TABLE TB_ALUNO_x_TB_BOLSA DROP FOREIGN KEY FK_TB_ALUNO_x_TB_BOLSA_id_aluno
[EL Fine]: sql: 2019-11-27 18:38:38.015--ServerSession(2021601975)--Connection(2095573052)--Thread(Thread[main,5,main])--ALTER TABLE TB_ALUNO_x_TB_BOLSA DROP FOREIGN KEY FK_TB_ALUNO_x_TB_BOLSA_id_bolsa
[EL Fine]: sql: 2019-11-27 18:38:38.281--ServerSession(2021601975)--Connection(2095573052)--Thread(Thread[main,5,main])--DROP TABLE TB_USUARIO
[EL Fine]: sql: 2019-11-27 18:38:38.328--ServerSession(2021601975)--Connection(2095573052)--Thread(Thread[main,5,main])--DROP TABLE TB_ALUNO
[EL Fine]: sql: 2019-11-27 18:38:38.375--ServerSession(2021601975)--Connection(2095573052)--Thread(Thread[main,5,main])--DROP TABLE TB_TAMANHO
[EL Fine]: sql: 2019-11-27 18:38:38.421--ServerSession(2021601975)--Connection(2095573052)--Thread(Thread[main,5,main])--DROP TABLE TB_FARDAMENTO
[EL Fine]: sql: 2019-11-27 18:38:38.468--ServerSession(2021601975)--Connection(2095573052)--Thread(Thread[main,5,main])--DROP TABLE TB_LIVRO
[EL Fine]: sql: 2019-11-27 18:38:38.515--ServerSession(2021601975)--Connection(2095573052)--Thread(Thread[main,5,main])--DROP TABLE TB_SITUACAO
[EL Fine]: sql: 2019-11-27 18:38:38.578--ServerSession(2021601975)--Connection(2095573052)--Thread(Thread[main,5,main])--DROP TABLE TB_EMPRESTIMO
[EL Fine]: sql: 2019-11-27 18:38:38.625--ServerSession(2021601975)--Connection(2095573052)--Thread(Thread[main,5,main])--DROP TABLE TB_VOLUME
[EL Fine]: sql: 2019-11-27 18:38:38.671--ServerSession(2021601975)--Connection(2095573052)--Thread(Thread[main,5,main])--DROP TABLE TB_PROFESSOR
[EL Fine]: sql: 2019-11-27 18:38:38.734--ServerSession(2021601975)--Connection(2095573052)--Thread(Thread[main,5,main])--DROP TABLE TB_BOLSA
[EL Fine]: sql: 2019-11-27 18:38:38.781--ServerSession(2021601975)--Connection(2095573052)--Thread(Thread[main,5,main])--DROP TABLE TB_ALUNO_x_TB_BOLSA
[EL Fine]: sql: 2019-11-27 18:38:38.828--ServerSession(2021601975)--Connection(2095573052)--Thread(Thread[main,5,main])--CREATE TABLE TB_USUARIO (id_usuario BIGINT AUTO_INCREMENT NOT NULL, disc_usuario VARCHAR(1), cpf VARCHAR(255), data_nascimento DATE, nome_usuario VARCHAR(255), rg INTEGER, PRIMARY KEY (id_usuario))
[EL Fine]: sql: 2019-11-27 18:38:38.922--ServerSession(2021601975)--Connection(2095573052)--Thread(Thread[main,5,main])--CREATE TABLE TB_ALUNO (id_aluno BIGINT NOT NULL, contato_responsavel BIGINT, curso VARCHAR(255), email VARCHAR(255), matricula VARCHAR(255), responsavel VARCHAR(255), turno VARCHAR(255), PRIMARY KEY (id_aluno))
[EL Fine]: sql: 2019-11-27 18:38:39.01--ServerSession(2021601975)--Connection(2095573052)--Thread(Thread[main,5,main])--CREATE TABLE TB_TAMANHO (id_tamanho BIGINT AUTO_INCREMENT NOT NULL, descricao_tamanho VARCHAR(255), PRIMARY KEY (id_tamanho))
[EL Fine]: sql: 2019-11-27 18:38:39.088--ServerSession(2021601975)--Connection(2095573052)--Thread(Thread[main,5,main])--CREATE TABLE TB_FARDAMENTO (id_fardamento BIGINT AUTO_INCREMENT NOT NULL, quantidade_entregue INTEGER, id_aluno BIGINT, id_situacao BIGINT, id_tamanho BIGINT, PRIMARY KEY (id_fardamento))
[EL Fine]: sql: 2019-11-27 18:38:39.166--ServerSession(2021601975)--Connection(2095573052)--Thread(Thread[main,5,main])--CREATE TABLE TB_LIVRO (id_livro BIGINT AUTO_INCREMENT NOT NULL, autor VARCHAR(255), isbn BIGINT, materia VARCHAR(255), quantidade INTEGER, titulo VARCHAR(255), id_volume BIGINT, PRIMARY KEY (id_livro))
[EL Fine]: sql: 2019-11-27 18:38:39.26--ServerSession(2021601975)--Connection(2095573052)--Thread(Thread[main,5,main])--CREATE TABLE TB_SITUACAO (id_situacao BIGINT AUTO_INCREMENT NOT NULL, descricao_situacao VARCHAR(255), PRIMARY KEY (id_situacao))
[EL Fine]: sql: 2019-11-27 18:38:39.385--ServerSession(2021601975)--Connection(2095573052)--Thread(Thread[main,5,main])--CREATE TABLE TB_EMPRESTIMO (id_emprestimo BIGINT AUTO_INCREMENT NOT NULL, data_devolucao DATE, data_entrega DATE, status VARCHAR(255), id_livro BIGINT, id_usuario BIGINT, PRIMARY KEY (id_emprestimo))
[EL Fine]: sql: 2019-11-27 18:38:39.463--ServerSession(2021601975)--Connection(2095573052)--Thread(Thread[main,5,main])--CREATE TABLE TB_VOLUME (id_volume BIGINT AUTO_INCREMENT NOT NULL, descricao_volume VARCHAR(255), PRIMARY KEY (id_volume))
[EL Fine]: sql: 2019-11-27 18:38:39.541--ServerSession(2021601975)--Connection(2095573052)--Thread(Thread[main,5,main])--CREATE TABLE TB_PROFESSOR (id_professor BIGINT NOT NULL, departamento VARCHAR(255), ramal BIGINT, siape INTEGER, PRIMARY KEY (id_professor))
[EL Fine]: sql: 2019-11-27 18:38:39.603--ServerSession(2021601975)--Connection(2095573052)--Thread(Thread[main,5,main])--CREATE TABLE TB_BOLSA (id_bolsa BIGINT AUTO_INCREMENT NOT NULL, nome_bolsa VARCHAR(255), tipo VARCHAR(255), valor DOUBLE, PRIMARY KEY (id_bolsa))
[EL Fine]: sql: 2019-11-27 18:38:39.682--ServerSession(2021601975)--Connection(2095573052)--Thread(Thread[main,5,main])--CREATE TABLE TB_ALUNO_x_TB_BOLSA (id_aluno BIGINT NOT NULL, id_bolsa BIGINT NOT NULL, PRIMARY KEY (id_aluno, id_bolsa))
[EL Fine]: sql: 2019-11-27 18:38:39.775--ServerSession(2021601975)--Connection(2095573052)--Thread(Thread[main,5,main])--ALTER TABLE TB_ALUNO ADD CONSTRAINT FK_TB_ALUNO_id_aluno FOREIGN KEY (id_aluno) REFERENCES TB_USUARIO (id_usuario)
[EL Fine]: sql: 2019-11-27 18:38:39.978--ServerSession(2021601975)--Connection(2095573052)--Thread(Thread[main,5,main])--ALTER TABLE TB_FARDAMENTO ADD CONSTRAINT FK_TB_FARDAMENTO_id_aluno FOREIGN KEY (id_aluno) REFERENCES TB_USUARIO (id_usuario)
[EL Fine]: sql: 2019-11-27 18:38:40.197--ServerSession(2021601975)--Connection(2095573052)--Thread(Thread[main,5,main])--ALTER TABLE TB_FARDAMENTO ADD CONSTRAINT FK_TB_FARDAMENTO_id_situacao FOREIGN KEY (id_situacao) REFERENCES TB_SITUACAO (id_situacao)
[EL Fine]: sql: 2019-11-27 18:38:40.525--ServerSession(2021601975)--Connection(2095573052)--Thread(Thread[main,5,main])--ALTER TABLE TB_FARDAMENTO ADD CONSTRAINT FK_TB_FARDAMENTO_id_tamanho FOREIGN KEY (id_tamanho) REFERENCES TB_TAMANHO (id_tamanho)
[EL Fine]: sql: 2019-11-27 18:38:40.744--ServerSession(2021601975)--Connection(2095573052)--Thread(Thread[main,5,main])--ALTER TABLE TB_LIVRO ADD CONSTRAINT FK_TB_LIVRO_id_volume FOREIGN KEY (id_volume) REFERENCES TB_VOLUME (id_volume)
[EL Fine]: sql: 2019-11-27 18:38:40.978--ServerSession(2021601975)--Connection(2095573052)--Thread(Thread[main,5,main])--ALTER TABLE TB_EMPRESTIMO ADD CONSTRAINT FK_TB_EMPRESTIMO_id_livro FOREIGN KEY (id_livro) REFERENCES TB_LIVRO (id_livro)
[EL Fine]: sql: 2019-11-27 18:38:41.259--ServerSession(2021601975)--Connection(2095573052)--Thread(Thread[main,5,main])--ALTER TABLE TB_EMPRESTIMO ADD CONSTRAINT FK_TB_EMPRESTIMO_id_usuario FOREIGN KEY (id_usuario) REFERENCES TB_USUARIO (id_usuario)
[EL Fine]: sql: 2019-11-27 18:38:41.478--ServerSession(2021601975)--Connection(2095573052)--Thread(Thread[main,5,main])--ALTER TABLE TB_PROFESSOR ADD CONSTRAINT FK_TB_PROFESSOR_id_professor FOREIGN KEY (id_professor) REFERENCES TB_USUARIO (id_usuario)
[EL Fine]: sql: 2019-11-27 18:38:41.697--ServerSession(2021601975)--Connection(2095573052)--Thread(Thread[main,5,main])--ALTER TABLE TB_ALUNO_x_TB_BOLSA ADD CONSTRAINT FK_TB_ALUNO_x_TB_BOLSA_id_aluno FOREIGN KEY (id_aluno) REFERENCES TB_USUARIO (id_usuario)
[EL Fine]: sql: 2019-11-27 18:38:41.9--ServerSession(2021601975)--Connection(2095573052)--Thread(Thread[main,5,main])--ALTER TABLE TB_ALUNO_x_TB_BOLSA ADD CONSTRAINT FK_TB_ALUNO_x_TB_BOLSA_id_bolsa FOREIGN KEY (id_bolsa) REFERENCES TB_BOLSA (id_bolsa)
[EL Config]: connection: 2019-11-27 18:38:48.104--ServerSession(2021601975)--Connection(2095573052)--Thread(Thread[main,5,main])--disconnect
[EL Info]: connection: 2019-11-27 18:38:48.104--ServerSession(2021601975)--Thread(Thread[main,5,main])--file:/C:/Users/wolner/Desktop/meu Github/SistemaDeAssistenciaEstudantil/target/classes/_tarefas logout successful
[EL Config]: connection: 2019-11-27 18:38:48.104--ServerSession(2021601975)--Connection(2095373876)--Thread(Thread[main,5,main])--disconnect
</system-out>
  </testcase>
</testsuite>